<?xml version="1.0" encoding="UTF-8" ?>
<testsuite errors="0" failures="1" hostname="DESKTOP-8MPUBK" name="wordle.WModelTest" skipped="0" tests="3" time="0.092" timestamp="2022-04-23T11:33:25">
  <properties>
    <property name="libs.spring-framework300.classpath" value="D:\Programs\NetBeans-12.3\netbeans\platform\modules\org-apache-commons-logging.jar;D:\Programs\NetBeans-12.3\netbeans\java\modules\ext\cglib-2.2.jar;D:\Programs\NetBeans-12.3\netbeans\java\modules\ext\spring-3.0\spring-aop-3.2.18.RELEASE.jar;D:\Programs\NetBeans-12.3\netbeans\java\modules\ext\spring-3.0\spring-aspects-3.2.18.RELEASE.jar;D:\Programs\NetBeans-12.3\netbeans\java\modules\ext\spring-3.0\spring-beans-3.2.18.RELEASE.jar;D:\Programs\NetBeans-12.3\netbeans\java\modules\ext\spring-3.0\spring-context-3.2.18.RELEASE.jar;D:\Programs\NetBeans-12.3\netbeans\java\modules\ext\spring-3.0\spring-context-support-3.2.18.RELEASE.jar;D:\Programs\NetBeans-12.3\netbeans\java\modules\ext\spring-3.0\spring-core-3.2.18.RELEASE.jar;D:\Programs\NetBeans-12.3\netbeans\java\modules\ext\spring-3.0\spring-expression-3.2.18.RELEASE.jar;D:\Programs\NetBeans-12.3\netbeans\java\modules\ext\spring-3.0\spring-instrument-3.2.18.RELEASE.jar;D:\Programs\NetBeans-12.3\netbeans\java\modules\ext\spring-3.0\spring-instrument-tomcat-3.2.18.RELEASE.jar;D:\Programs\NetBeans-12.3\netbeans\java\modules\ext\spring-3.0\spring-jdbc-3.2.18.RELEASE.jar;D:\Programs\NetBeans-12.3\netbeans\java\modules\ext\spring-3.0\spring-jms-3.2.18.RELEASE.jar;D:\Programs\NetBeans-12.3\netbeans\java\modules\ext\spring-3.0\spring-orm-3.2.18.RELEASE.jar;D:\Programs\NetBeans-12.3\netbeans\java\modules\ext\spring-3.0\spring-oxm-3.2.18.RELEASE.jar;D:\Programs\NetBeans-12.3\netbeans\java\modules\ext\spring-3.0\spring-struts-3.2.18.RELEASE.jar;D:\Programs\NetBeans-12.3\netbeans\java\modules\ext\spring-3.0\spring-test-3.2.18.RELEASE.jar;D:\Programs\NetBeans-12.3\netbeans\java\modules\ext\spring-3.0\spring-tx-3.2.18.RELEASE.jar;D:\Programs\NetBeans-12.3\netbeans\java\modules\ext\spring-3.0\spring-web-3.2.18.RELEASE.jar;D:\Programs\NetBeans-12.3\netbeans\java\modules\ext\spring-3.0\spring-webmvc-3.2.18.RELEASE.jar;D:\Programs\NetBeans-12.3\netbeans\java\modules\ext\spring-3.0\spring-webmvc-portlet-3.2.18.RELEASE.jar" />
    <property name="javac.test.classpath" value=":build/classes:D:\Programs\NetBeans-12.3\netbeans\platform\modules\ext\junit-4.13.1.jar:D:\Programs\NetBeans-12.3\netbeans\platform\modules\ext\hamcrest-core-1.3.jar" />
    <property name="java.specification.version" value="15" />
    <property name="sun.cpu.isalist" value="amd64" />
    <property name="jar.index.metainf" value="false" />
    <property name="libs.spring-framework500.classpath" value="D:\Programs\NetBeans-12.3\netbeans\platform\modules\org-apache-commons-logging.jar;D:\Programs\NetBeans-12.3\netbeans\java\modules\ext\cglib-2.2.jar;D:\Programs\NetBeans-12.3\netbeans\java\modules\ext\spring-5\spring-aop-5.2.9.RELEASE.jar;D:\Programs\NetBeans-12.3\netbeans\java\modules\ext\spring-5\spring-aspects-5.2.9.RELEASE.jar;D:\Programs\NetBeans-12.3\netbeans\java\modules\ext\spring-5\spring-beans-5.2.9.RELEASE.jar;D:\Programs\NetBeans-12.3\netbeans\java\modules\ext\spring-5\spring-context-5.2.9.RELEASE.jar;D:\Programs\NetBeans-12.3\netbeans\java\modules\ext\spring-5\spring-context-indexer-5.2.9.RELEASE.jar;D:\Programs\NetBeans-12.3\netbeans\java\modules\ext\spring-5\spring-context-support-5.2.9.RELEASE.jar;D:\Programs\NetBeans-12.3\netbeans\java\modules\ext\spring-5\spring-core-5.2.9.RELEASE.jar;D:\Programs\NetBeans-12.3\netbeans\java\modules\ext\spring-5\spring-expression-5.2.9.RELEASE.jar;D:\Programs\NetBeans-12.3\netbeans\java\modules\ext\spring-5\spring-instrument-5.2.9.RELEASE.jar;D:\Programs\NetBeans-12.3\netbeans\java\modules\ext\spring-5\spring-jcl-5.2.9.RELEASE.jar;D:\Programs\NetBeans-12.3\netbeans\java\modules\ext\spring-5\spring-jdbc-5.2.9.RELEASE.jar;D:\Programs\NetBeans-12.3\netbeans\java\modules\ext\spring-5\spring-jms-5.2.9.RELEASE.jar;D:\Programs\NetBeans-12.3\netbeans\java\modules\ext\spring-5\spring-messaging-5.2.9.RELEASE.jar;D:\Programs\NetBeans-12.3\netbeans\java\modules\ext\spring-5\spring-orm-5.2.9.RELEASE.jar;D:\Programs\NetBeans-12.3\netbeans\java\modules\ext\spring-5\spring-oxm-5.2.9.RELEASE.jar;D:\Programs\NetBeans-12.3\netbeans\java\modules\ext\spring-5\spring-test-5.2.9.RELEASE.jar;D:\Programs\NetBeans-12.3\netbeans\java\modules\ext\spring-5\spring-tx-5.2.9.RELEASE.jar;D:\Programs\NetBeans-12.3\netbeans\java\modules\ext\spring-5\spring-web-5.2.9.RELEASE.jar;D:\Programs\NetBeans-12.3\netbeans\java\modules\ext\spring-5\spring-webflux-5.2.9.RELEASE.jar;D:\Programs\NetBeans-12.3\netbeans\java\modules\ext\spring-5\spring-webmvc-5.2.9.RELEASE.jar;D:\Programs\NetBeans-12.3\netbeans\java\modules\ext\spring-5\spring-websocket-5.2.9.RELEASE.jar" />
    <property name="do.depend" value="false" />
    <property name="javadoc.preview" value="true" />
    <property name="libs.spring-framework400.classpath" value="D:\Programs\NetBeans-12.3\netbeans\platform\modules\org-apache-commons-logging.jar;D:\Programs\NetBeans-12.3\netbeans\java\modules\ext\cglib-2.2.jar;D:\Programs\NetBeans-12.3\netbeans\java\modules\ext\spring-4\spring-aop-4.3.29.RELEASE.jar;D:\Programs\NetBeans-12.3\netbeans\java\modules\ext\spring-4\spring-aspects-4.3.29.RELEASE.jar;D:\Programs\NetBeans-12.3\netbeans\java\modules\ext\spring-4\spring-beans-4.3.29.RELEASE.jar;D:\Programs\NetBeans-12.3\netbeans\java\modules\ext\spring-4\spring-context-4.3.29.RELEASE.jar;D:\Programs\NetBeans-12.3\netbeans\java\modules\ext\spring-4\spring-context-support-4.3.29.RELEASE.jar;D:\Programs\NetBeans-12.3\netbeans\java\modules\ext\spring-4\spring-core-4.3.29.RELEASE.jar;D:\Programs\NetBeans-12.3\netbeans\java\modules\ext\spring-4\spring-expression-4.3.29.RELEASE.jar;D:\Programs\NetBeans-12.3\netbeans\java\modules\ext\spring-4\spring-instrument-4.3.29.RELEASE.jar;D:\Programs\NetBeans-12.3\netbeans\java\modules\ext\spring-4\spring-instrument-tomcat-4.3.29.RELEASE.jar;D:\Programs\NetBeans-12.3\netbeans\java\modules\ext\spring-4\spring-jdbc-4.3.29.RELEASE.jar;D:\Programs\NetBeans-12.3\netbeans\java\modules\ext\spring-4\spring-jms-4.3.29.RELEASE.jar;D:\Programs\NetBeans-12.3\netbeans\java\modules\ext\spring-4\spring-messaging-4.3.29.RELEASE.jar;D:\Programs\NetBeans-12.3\netbeans\java\modules\ext\spring-4\spring-orm-4.3.29.RELEASE.jar;D:\Programs\NetBeans-12.3\netbeans\java\modules\ext\spring-4\spring-oxm-4.3.29.RELEASE.jar;D:\Programs\NetBeans-12.3\netbeans\java\modules\ext\spring-4\spring-test-4.3.29.RELEASE.jar;D:\Programs\NetBeans-12.3\netbeans\java\modules\ext\spring-4\spring-tx-4.3.29.RELEASE.jar;D:\Programs\NetBeans-12.3\netbeans\java\modules\ext\spring-4\spring-web-4.3.29.RELEASE.jar;D:\Programs\NetBeans-12.3\netbeans\java\modules\ext\spring-4\spring-webmvc-4.3.29.RELEASE.jar;D:\Programs\NetBeans-12.3\netbeans\java\modules\ext\spring-4\spring-webmvc-portlet-4.3.29.RELEASE.jar;D:\Programs\NetBeans-12.3\netbeans\java\modules\ext\spring-4\spring-websocket-4.3.29.RELEASE.jar" />
    <property name="sun.arch.data.model" value="64" />
    <property name="test.binaryincludes" value="&lt;nothing&gt;" />
    <property name="nb.show.statistics.ui" value="usageStatisticsEnabled" />
    <property name="debug-transport" value="dt_shmem" />
    <property name="do.jlink" value="false" />
    <property name="java.vendor.url" value="https://java.oracle.com/" />
    <property name="annotation.processing.enabled" value="true" />
    <property name="libs.junit_5.src" value="D:\Programs\NetBeans-12.3\netbeans\platform\docs\junit-jupiter-api-5.6.0-sources.jar;D:\Programs\NetBeans-12.3\netbeans\platform\docs\junit-jupiter-params-5.6.0-sources.jar;D:\Programs\NetBeans-12.3\netbeans\platform\docs\junit-jupiter-engine-5.6.0-sources.jar" />
    <property name="debug.modulepath" value="" />
    <property name="libs.jaxb.classpath" value="D:\Programs\NetBeans-12.3\netbeans\ide\modules\ext\jaxb\jaxb-impl.jar;D:\Programs\NetBeans-12.3\netbeans\ide\modules\ext\jaxb\jaxb-xjc.jar;D:\Programs\NetBeans-12.3\netbeans\ide\modules\ext\jaxb\activation.jar;D:\Programs\NetBeans-12.3\netbeans\ide\modules\ext\jaxb\api\jaxb-api.jar" />
    <property name="libs.eclipselink.javadoc" value="D:\Programs\NetBeans-12.3\netbeans\java\modules\ext\docs\javax.persistence-2.2.1-doc.zip" />
    <property name="libs.JWSAntTasks.javadoc" value="" />
    <property name="sun.boot.library.path" value="C:\Program Files\Java\jdk-15.0.2\bin" />
    <property name="libs.CopyLibs.src" value="" />
    <property name="sun.java.command" value="org.apache.tools.ant.taskdefs.optional.junit.JUnitTestRunner wordle.WModelTest skipNonTests=false filtertrace=true haltOnError=false haltOnFailure=false showoutput=true outputtoformatters=true logfailedtests=true threadid=0 logtestlistenerevents=true formatter=org.apache.tools.ant.taskdefs.optional.junit.BriefJUnitResultFormatter formatter=org.apache.tools.ant.taskdefs.optional.junit.XMLJUnitResultFormatter,D:\Programming\Java\wordle\build\test\results\TEST-wordle.WModelTest.xml crashfile=D:\Programming\Java\wordle\build\junitvmwatcher15406623152976028725.properties propsfile=D:\Programming\Java\wordle\build\junit15984611441908448921.properties" />
    <property name="jdk.debug" value="release" />
    <property name="libs.spring-framework300.src" value="" />
    <property name="javac.source" value="15" />
    <property name="java.specification.vendor" value="Oracle Corporation" />
    <property name="javadoc.use" value="true" />
    <property name="javadoc.notree" value="false" />
    <property name="java.version.date" value="2021-01-19" />
    <property name="java.home" value="C:\Program Files\Java\jdk-15.0.2" />
    <property name="nbplatform.default.netbeans.dest.dir" value="D:\Programs\NetBeans-12.3\netbeans" />
    <property name="basedir" value="D:\Programming\Java\wordle" />
    <property name="application.vendor" value="Ajmal" />
    <property name="work.dir" value="D:\Programming\Java\wordle" />
    <property name="java.specification.name" value="Java Platform API Specification" />
    <property name="javac.test.compilerargs" value="" />
    <property name="jna.boot.library.name" value="jnidispatch-nb" />
    <property name="java.vm.specification.vendor" value="Oracle Corporation" />
    <property name="libs.PostgreSQLDriver.classpath" value="D:\Programs\NetBeans-12.3\netbeans\ide\modules\ext\postgresql-42.2.16.jar" />
    <property name="libs.graaljs.javadoc" value="" />
    <property name="libs.JAXB-ENDORSED.src" value="" />
    <property name="ant.file.wordle" value="D:\Programming\Java\wordle\build.xml" />
    <property name="netbeans.extbrowser.manual_chrome_plugin_install" value="yes" />
    <property name="manifest.encoding" value="UTF-8" />
    <property name="user.script" value="" />
    <property name="netbeans.default_userdir_root" value="C:\Users\Ajmal\AppData\Roaming\NetBeans" />
    <property name="libs.spring-framework500.javadoc" value="" />
    <property name="libs.spring-framework400.src" value="" />
    <property name="sun.management.compiler" value="HotSpot 64-Bit Tiered Compilers" />
    <property name="jdk.home" value="C:\Program Files\Java\jdk-15.0.2" />
    <property name="run.test.modulepath" value="" />
    <property name="java.runtime.version" value="15.0.2+7-27" />
    <property name="libs.eclipselink.maven-pom" value="" />
    <property name="libs.graaljs.classpath" value="D:\Programs\NetBeans-12.3\netbeans\webcommon\modules\ext\js-20.2.0.jar;D:\Programs\NetBeans-12.3\netbeans\webcommon\modules\ext\js-launcher-20.2.0.jar;D:\Programs\NetBeans-12.3\netbeans\webcommon\modules\ext\regex-20.2.0.jar;D:\Programs\NetBeans-12.3\netbeans\webcommon\modules\ext\icu4j-67.1.jar;D:\Programs\NetBeans-12.3\netbeans\ide\modules\ext\graal-sdk-20.2.0.jar;D:\Programs\NetBeans-12.3\netbeans\ide\modules\ext\launcher-common-20.2.0.jar;D:\Programs\NetBeans-12.3\netbeans\ide\modules\ext\truffle-api-20.2.0.jar" />
    <property name="libs.JAXB-ENDORSED.javadoc" value="" />
    <property name="debug.test.modulepath" value="" />
    <property name="file.encoding" value="Cp1252" />
    <property name="sun.java2d.noddraw" value="true" />
    <property name="sun.zip.disableMemoryMapping" value="true" />
    <property name="java.util.logging.config.class" value="org.netbeans.core.startup.TopLogging" />
    <property name="guice.disable.misplaced.annotation.check" value="true" />
    <property name="jnidispatch.path" value="C:\Users\Ajmal\AppData\Local\Temp\jna-63294575\jna15027737013309739262.dll" />
    <property name="https.nonProxyHosts" value="localhost|127.0.0.1|DESKTOP-8MPUBK" />
    <property name="libs.junit_5.javadoc" value="D:\Programs\NetBeans-12.3\netbeans\platform\docs\junit-jupiter-api-5.6.0-javadoc.jar;D:\Programs\NetBeans-12.3\netbeans\platform\docs\junit-jupiter-params-5.6.0-javadoc.jar;D:\Programs\NetBeans-12.3\netbeans\platform\docs\junit-jupiter-engine-5.6.0-javadoc.jar" />
    <property name="libs.absolutelayout.classpath" value="D:\Programs\NetBeans-12.3\netbeans\java\modules\ext\AbsoluteLayout.jar" />
    <property name="dist.archive.excludes" value="" />
    <property name="java.io.tmpdir" value="C:\Users\Ajmal\AppData\Local\Temp\" />
    <property name="org.openide.awt.ActionReference.completion" value="org.netbeans.modules.apisupport.project.layers.PathCompletions" />
    <property name="do.archive" value="true" />
    <property name="java.version" value="15.0.2" />
    <property name="java.vm.specification.name" value="Java Virtual Machine Specification" />
    <property name="built-jar.properties" value="D:\Programming\Java\wordle\build\built-jar.properties" />
    <property name="nb.native.filechooser" value="false" />
    <property name="libs.testng.src" value="" />
    <property name="ant.file.wordle-impl" value="D:\Programming\Java\wordle\nbproject\build-impl.xml" />
    <property name="java.library.path" value="C:\Program Files\Java\jdk-15.0.2\bin;C:\WINDOWS\Sun\Java\bin;C:\WINDOWS\system32;C:\WINDOWS;C:\Program Files\Common Files\Oracle\Java\javapath;C:\Program Files (x86)\Common Files\Oracle\Java\javapath;C:\Program Files (x86)\Common Files\Intel\Shared Libraries\redist\intel64\compiler;C:\Windows\system32;C:\Windows;C:\Windows\System32\Wbem;C:\Windows\System32\WindowsPowerShell\v1.0\;C:\Windows\System32\OpenSSH\;C:\Program Files (x86)\NVIDIA Corporation\PhysX\Common;C:\Program Files\Common Files\Autodesk Shared\;C:\Program Files (x86)\Windows Live\Shared;C:\WINDOWS\system32;C:\WINDOWS;C:\WINDOWS\System32\Wbem;C:\WINDOWS\System32\WindowsPowerShell\v1.0\;C:\WINDOWS\System32\OpenSSH\;C:\Program Files\NVIDIA Corporation\NVIDIA NvDLISR;C:\WINDOWS\system32;C:\WINDOWS;C:\WINDOWS\System32\Wbem;C:\WINDOWS\System32\WindowsPowerShell\v1.0\;C:\WINDOWS\System32\OpenSSH\;C:\Program Files\Microsoft SQL Server\130\Tools\Binn\;C:\Users\Ajmal\AppData\Local\Programs\Python\Python36;C:\Users\Ajmal\AppData\Local\Programs\Python\Python36\Scripts;D:\Programs\NodeJs\;D:\Programs\Git\cmd;D:\Programs\Git;C:\Program Files\Microsoft SQL Server\Client SDK\ODBC\170\Tools\Binn\;C:\Program Files (x86)\Microsoft SQL Server\150\Tools\Binn\;C:\Program Files\Microsoft SQL Server\150\Tools\Binn\;C:\Program Files\Microsoft SQL Server\150\DTS\Binn\;C:\Program Files (x86)\Microsoft SQL Server\150\DTS\Binn\;C:\Program Files\Azure Data Studio\bin;C:\Users\Ajmal\AppData\Local\Programs\Python\Python37\Scripts\;C:\Users\Ajmal\AppData\Local\Programs\Python\Python37\;C:\Users\Ajmal\AppData\Local\Microsoft\WindowsApps;C:\Users\Ajmal\AppData\Local\Programs\Microsoft VS Code\bin;C:\Users\Ajmal\AppData\Local\Programs\Python\Python36;C:\Users\Ajmal\AppData\Local\Programs\Python\Python36\Scripts;C:\Users\Ajmal\AppData\Roaming\npm;C:\Users\Ajmal\AppData\Local\Microsoft\WindowsApps;C:\Users\Ajmal\AppData\Local\GitHubDesktop\bin;D:\Programs\Git;C:\dev\vcpkg\vcpkg;;C:\Program Files\Azure Data Studio\bin;." />
    <property name="libs.hamcrest.src" value="" />
    <property name="platform.active" value="default_platform" />
    <property name="manifest.file" value="manifest.mf" />
    <property name="java.vendor" value="Oracle Corporation" />
    <property name="libs.testng.javadoc" value="D:\Programs\NetBeans-12.3\netbeans\platform\docs\testng-6.13.1-javadoc.jar" />
    <property name="meta.inf.dir" value="src/META-INF" />
    <property name="run.upgrademodulepath" value="" />
    <property name="sun.io.unicode.encoding" value="UnicodeLittle" />
    <property name="compile.on.save" value="true" />
    <property name="jlink.additionalparam" value="" />
    <property name="libs.testng.maven-pom" value="" />
    <property name="org.openide.version" value="deprecated" />
    <property name="default.javac.source" value="15" />
    <property name="netbeans.dynamic.classpath" value="D:\Programs\NetBeans-12.3\netbeans\platform\core\asm-8.0.1.jar;D:\Programs\NetBeans-12.3\netbeans\platform\core\asm-commons-8.0.1.jar;D:\Programs\NetBeans-12.3\netbeans\platform\core\asm-tree-8.0.1.jar;D:\Programs\NetBeans-12.3\netbeans\platform\core\core-base.jar;D:\Programs\NetBeans-12.3\netbeans\platform\core\core.jar;D:\Programs\NetBeans-12.3\netbeans\platform\core\org-netbeans-libs-asm.jar;D:\Programs\NetBeans-12.3\netbeans\platform\core\org-openide-filesystems-compat8.jar;D:\Programs\NetBeans-12.3\netbeans\platform\core\org-openide-filesystems.jar;D:\Programs\NetBeans-12.3\netbeans\nb\core\org-netbeans-upgrader.jar;D:\Programs\NetBeans-12.3\netbeans\nb\core\locale\core_nb.jar" />
    <property name="run.classpath" value=":build/classes" />
    <property name="libs.jaxb.src" value="" />
    <property name="libs.eclipselinkmodelgen.classpath" value="D:\Programs\NetBeans-12.3\netbeans\java\modules\ext\eclipselink\org.eclipse.persistence.jpa.modelgen.processor-2.7.7.jar" />
    <property name="javac.systemmodulepath.cmd.line.arg" value="" />
    <property name="sun.awt.enableExtraMouseButtons" value="true" />
    <property name="test.src.dir" value="test" />
    <property name="org.openide.major.version" value="IDE/1" />
    <property name="libs.spring-framework300.javadoc" value="" />
    <property name="netbeans.buildnumber" value="12.3-c3d4f6fa6c956cf1b5a35e8da4f44a96ab76f6a9" />
    <property name="ap.proc.none.internal" value="" />
    <property name="org.openide.specification.version" value="6.2" />
    <property name="endorsed.classpath.cmd.line.arg" value="" />
    <property name="libs.jpa20-persistence.maven-pom" value="" />
    <property name="user.timezone" value="Europe/London" />
    <property name="jar.index" value="false" />
    <property name="libs.jpa20-persistence.classpath" value="D:\Programs\NetBeans-12.3\netbeans\java\modules\ext\eclipselink\javax.persistence-2.2.1.jar" />
    <property name="java.vm.specification.version" value="15" />
    <property name="libs.eclipselinkmodelgen.javadoc" value="" />
    <property name="os.name" value="Windows 10" />
    <property name="build.sysclasspath" value="ignore" />
    <property name="libs.CopyLibs.maven-pom" value="" />
    <property name="libs.junit_5.classpath" value="D:\Programs\NetBeans-12.3\netbeans\platform\modules\ext\junit-jupiter-api-5.6.0.jar;D:\Programs\NetBeans-12.3\netbeans\platform\modules\ext\junit-jupiter-params-5.6.0.jar;D:\Programs\NetBeans-12.3\netbeans\platform\modules\ext\junit-jupiter-engine-5.6.0.jar" />
    <property name="javadoc.noindex" value="false" />
    <property name="jdkBug6558476" value="false" />
    <property name="javadoc.private" value="false" />
    <property name="javadoc.author" value="false" />
    <property name="http.nonProxyHosts" value="localhost|127.0.0.1|DESKTOP-8MPUBK" />
    <property name="main.class" value="wordle.WordleDemoGUI" />
    <property name="libs.JAXB-ENDORSED.maven-pom" value="" />
    <property name="user.home" value="C:\Users\Ajmal" />
    <property name="source.encoding" value="UTF-8" />
    <property name="nbplatform.default.harness.dir" value="D:\Programs\NetBeans-12.3\netbeans/harness" />
    <property name="libs.eclipselinkmodelgen.maven-pom" value="" />
    <property name="jar.compress" value="false" />
    <property name="have.sources" value="true" />
    <property name="annotation.processing.processors.list" value="" />
    <property name="jlink.launcher" value="true" />
    <property name="javac.deprecation" value="false" />
    <property name="build.generated.sources.dir" value="build/generated-sources" />
    <property name="apple.awt.graphics.UseQuartz" value="true" />
    <property name="libs.graaljs.src" value="" />
    <property name="plugin.manager.check.updates" value="false" />
    <property name="run.jvmargs" value="" />
    <property name="netbeans.autoupdate.language" value="en" />
    <property name="libs.eclipselinkmodelgen.src" value="" />
    <property name="build.compiler.emacs" value="true" />
    <property name="build.classes.excludes" value="**/*.java,**/*.form" />
    <property name="dist.jar" value="dist/wordle.jar" />
    <property name="ant.file" value="D:\Programming\Java\wordle\build.xml" />
    <property name="modules.supported.internal" value="true" />
    <property name="path.separator" value=";" />
    <property name="libs.JAXB-ENDORSED.classpath" value="D:\Programs\NetBeans-12.3\netbeans\ide\modules\ext\jaxb\api\jaxb-api.jar" />
    <property name="os.version" value="10.0" />
    <property name="netbeans.home" value="D:\Programs\NetBeans-12.3\netbeans\platform" />
    <property name="libs.CopyLibs.javadoc" value="" />
    <property name="debug-transport-by-os" value="dt_shmem" />
    <property name="build.test.results.dir" value="build/test/results" />
    <property name="libs.jaxws21.javadoc" value="D:\Programs\NetBeans-12.3\netbeans\java\docs\jaxws-api-doc.zip" />
    <property name="libs.spring-framework400.maven-pom" value="" />
    <property name="ap.processors.internal" value="" />
    <property name="java.vm.name" value="Java HotSpot(TM) 64-Bit Server VM" />
    <property name="unnamed.module.internal" value="true" />
    <property name="module.name" value="" />
    <property name="libs.jaxws21.classpath" value="D:\Programs\NetBeans-12.3\netbeans\ide\modules\ext\jaxb\jaxb-impl.jar;D:\Programs\NetBeans-12.3\netbeans\ide\modules\ext\jaxb\jaxb-xjc.jar;D:\Programs\NetBeans-12.3\netbeans\java\modules\ext\jaxws22\FastInfoset.jar;D:\Programs\NetBeans-12.3\netbeans\java\modules\ext\jaxws22\gmbal-api-only.jar;D:\Programs\NetBeans-12.3\netbeans\java\modules\ext\jaxws22\ha-api.jar;D:\Programs\NetBeans-12.3\netbeans\java\modules\ext\jaxws22\javax.mail_1.4.jar;D:\Programs\NetBeans-12.3\netbeans\java\modules\ext\jaxws22\jaxws-rt.jar;D:\Programs\NetBeans-12.3\netbeans\java\modules\ext\jaxws22\jaxws-tools.jar;D:\Programs\NetBeans-12.3\netbeans\java\modules\ext\jaxws22\management-api.jar;D:\Programs\NetBeans-12.3\netbeans\java\modules\ext\jaxws22\mimepull.jar;D:\Programs\NetBeans-12.3\netbeans\java\modules\ext\jaxws22\policy.jar;D:\Programs\NetBeans-12.3\netbeans\java\modules\ext\jaxws22\saaj-impl.jar;D:\Programs\NetBeans-12.3\netbeans\java\modules\ext\jaxws22\stax-ex.jar;D:\Programs\NetBeans-12.3\netbeans\java\modules\ext\jaxws22\stax2-api.jar;D:\Programs\NetBeans-12.3\netbeans\java\modules\ext\jaxws22\streambuffer.jar;D:\Programs\NetBeans-12.3\netbeans\java\modules\ext\jaxws22\woodstox-core-asl.jar;D:\Programs\NetBeans-12.3\netbeans\java\modules\ext\jaxws22\api\jaxws-api.jar;D:\Programs\NetBeans-12.3\netbeans\java\modules\ext\jaxws22\api\jsr181-api.jar;D:\Programs\NetBeans-12.3\netbeans\java\modules\ext\jaxws22\api\javax.annotation.jar;D:\Programs\NetBeans-12.3\netbeans\java\modules\ext\jaxws22\api\saaj-api.jar;D:\Programs\NetBeans-12.3\netbeans\ide\modules\ext\jaxb\activation.jar;D:\Programs\NetBeans-12.3\netbeans\ide\modules\ext\jaxb\api\jaxb-api.jar" />
    <property name="os.arch" value="amd64" />
    <property name="build.generated.dir" value="build/generated" />
    <property name="libs.hamcrest.javadoc" value="" />
    <property name="libs.spring-framework400.javadoc" value="" />
    <property name="do.jar" value="true" />
    <property name="java.vm.info" value="mixed mode, sharing" />
    <property name="libs.jaxws21.maven-pom" value="" />
    <property name="run.test.classpath" value=":build/classes:D:\Programs\NetBeans-12.3\netbeans\platform\modules\ext\junit-4.13.1.jar:D:\Programs\NetBeans-12.3\netbeans\platform\modules\ext\hamcrest-core-1.3.jar:build/test/classes" />
    <property name="dist.jlink.output" value="dist/jlink/wordle" />
    <property name="java.class.version" value="59.0" />
    <property name="javadoc.encoding.used" value="UTF-8" />
    <property name="src.dir" value="src" />
    <property name="org.netbeans.io.suspend" value="0" />
    <property name="ant.project.default-target" value="default" />
    <property name="debug.classpath" value=":build/classes" />
    <property name="excludes" value="" />
    <property name="ant.project.name" value="wordle" />
    <property name="dist.javadoc.dir" value="dist/javadoc" />
    <property name="libs.junit_4.javadoc" value="D:\Programs\NetBeans-12.3\netbeans\platform\docs\junit-4.13.1-javadoc.jar" />
    <property name="sun.jnu.encoding" value="Cp1252" />
    <property name="run.test.jvmargs" value="" />
    <property name="default.javac.target" value="15" />
    <property name="javac.fork" value="true" />
    <property name="libs.eclipselink.classpath" value="D:\Programs\NetBeans-12.3\netbeans\java\modules\ext\eclipselink\org.eclipse.persistence.core-2.7.7.jar;D:\Programs\NetBeans-12.3\netbeans\java\modules\ext\eclipselink\org.eclipse.persistence.asm-2.7.7.jar;D:\Programs\NetBeans-12.3\netbeans\java\modules\ext\eclipselink\org.eclipse.persistence.antlr-2.7.7.jar;D:\Programs\NetBeans-12.3\netbeans\java\modules\ext\eclipselink\org.eclipse.persistence.jpa-2.7.7.jar;D:\Programs\NetBeans-12.3\netbeans\java\modules\ext\eclipselink\org.eclipse.persistence.jpa.jpql-2.7.7.jar;D:\Programs\NetBeans-12.3\netbeans\java\modules\ext\eclipselink\org.eclipse.persistence.moxy-2.7.7.jar;D:\Programs\NetBeans-12.3\netbeans\java\modules\ext\eclipselink\javax.persistence-2.2.1.jar" />
    <property name="sun.java2d.dpiaware" value="true" />
    <property name="main.class.available" value="true" />
    <property name="netbeans.importclass" value="org.netbeans.upgrade.AutoUpgrade" />
    <property name="libs.PostgreSQLDriver.maven-pom" value="" />
    <property name="netbeans.autoupdate.version" value="1.23" />
    <property name="libs.absolutelayout.src" value="" />
    <property name="empty.dir" value="D:\Programming\Java\wordle\build\empty" />
    <property name="testng.mode" value="testng" />
    <property name="annotation.processing.enabled.in.editor" value="false" />
    <property name="netbeans.user" value="C:\Users\Ajmal\AppData\Roaming\NetBeans\12.3" />
    <property name="file.separator" value="\" />
    <property name="java.vm.compressedOopsMode" value="Zero based" />
    <property name="line.separator" value="&#xd;&#xa;" />
    <property name="javadoc.additionalparam" value="" />
    <property name="netbeans.productversion" value="Apache NetBeans IDE 12.3" />
    <property name="javac.debug" value="true" />
    <property name="libs.testng.classpath" value="D:\Programs\NetBeans-12.3\netbeans\platform\modules\ext\testng-6.14.3.jar;D:\Programs\NetBeans-12.3\netbeans\platform\modules\ext\jcommander-1.78.jar" />
    <property name="mkdist.disabled" value="false" />
    <property name="user.name" value="Ajmal" />
    <property name="build.classes.dir" value="build/classes" />
    <property name="javadoc.windowtitle" value="" />
    <property name="nb.junit.single" value="false" />
    <property name="nb.internal.action.name" value="test" />
    <property name="libs.absolutelayout.javadoc" value="" />
    <property name="libs.jaxws21.src" value="" />
    <property name="module.build.classes.dir" value="build/classes" />
    <property name="libs.jaxb.maven-pom" value="" />
    <property name="annotation.processing.processor.options" value="" />
    <property name="dist.dir" value="dist" />
    <property name="build.dir" value="build" />
    <property name="jna.loaded" value="true" />
    <property name="libs.graaljs.maven-pom" value="" />
    <property name="netbeans.autoupdate.variant" value="" />
    <property name="libs.junit_5.maven-pom" value="" />
    <property name="libs.jpa20-persistence.javadoc" value="D:\Programs\NetBeans-12.3\netbeans\java\modules\ext\docs\javax.persistence-2.2.1-doc.zip" />
    <property name="javadoc.version" value="false" />
    <property name="ant.junit.enabletestlistenerevents" value="true" />
    <property name="libs.JWSAntTasks.src" value="" />
    <property name="ant.home" value="D:\Programs\NetBeans-12.3\netbeans\extide\ant" />
    <property name="libs.CopyLibs.classpath" value="D:\Programs\NetBeans-12.3\netbeans\java\ant\extra\org-netbeans-modules-java-j2seproject-copylibstask.jar" />
    <property name="have.tests" value="true" />
    <property name="sun.os.patch.level" value="" />
    <property name="javac.external.vm" value="true" />
    <property name="debug.test.classpath" value=":build/classes:D:\Programs\NetBeans-12.3\netbeans\platform\modules\ext\junit-4.13.1.jar:D:\Programs\NetBeans-12.3\netbeans\platform\modules\ext\hamcrest-core-1.3.jar:build/test/classes" />
    <property name="testng.debug.mode" value="" />
    <property name="javac.target" value="15" />
    <property name="ant.version" value="Apache Ant(TM) version 1.10.8 compiled on May 10 2020" />
    <property name="libs.absolutelayout.maven-pom" value="" />
    <property name="javadoc.html5" value="false" />
    <property name="jdk.gtk.version" value="2.2" />
    <property name="javac.test.processorpath" value=":build/classes:D:\Programs\NetBeans-12.3\netbeans\platform\modules\ext\junit-4.13.1.jar:D:\Programs\NetBeans-12.3\netbeans\platform\modules\ext\hamcrest-core-1.3.jar" />
    <property name="java.failonerror" value="true" />
    <property name="netbeans.dirs" value="D:\Programs\NetBeans-12.3\netbeans\nb;D:\Programs\NetBeans-12.3\netbeans\ergonomics;D:\Programs\NetBeans-12.3\netbeans\ide;D:\Programs\NetBeans-12.3\netbeans\extide;D:\Programs\NetBeans-12.3\netbeans\java;D:\Programs\NetBeans-12.3\netbeans\apisupport;D:\Programs\NetBeans-12.3\netbeans\webcommon;D:\Programs\NetBeans-12.3\netbeans\websvccommon;D:\Programs\NetBeans-12.3\netbeans\enterprise;D:\Programs\NetBeans-12.3\netbeans\mobility;D:\Programs\NetBeans-12.3\netbeans\profiler;D:\Programs\NetBeans-12.3\netbeans\python;D:\Programs\NetBeans-12.3\netbeans\php;D:\Programs\NetBeans-12.3\netbeans\identity;D:\Programs\NetBeans-12.3\netbeans\harness;D:\Programs\NetBeans-12.3\netbeans\cnd;D:\Programs\NetBeans-12.3\netbeans\cndext;D:\Programs\NetBeans-12.3\netbeans\cpplite;D:\Programs\NetBeans-12.3\netbeans\dlight;D:\Programs\NetBeans-12.3\netbeans\groovy;D:\Programs\NetBeans-12.3\netbeans\extra;D:\Programs\NetBeans-12.3\netbeans\javacard;D:\Programs\NetBeans-12.3\netbeans\javafx" />
    <property name="javac.modulepath" value="" />
    <property name="libs.spring-framework500.src" value="" />
    <property name="user.properties.file" value="C:\Users\Ajmal\AppData\Roaming\NetBeans\12.3\build.properties" />
    <property name="libs.hamcrest.maven-pom" value="" />
    <property name="netbeans.autoupdate.country" value="GB" />
    <property name="nb.wait.for.caches" value="true" />
    <property name="javac.processorpath" value="" />
    <property name="java.class.path" value="D:\Programming\Java\wordle\build\classes;D:\Programs\NetBeans-12.3\netbeans\platform\modules\ext\junit-4.13.1.jar;D:\Programs\NetBeans-12.3\netbeans\platform\modules\ext\hamcrest-core-1.3.jar;D:\Programming\Java\wordle\build\test\classes;D:\Programs\NetBeans-12.3\netbeans\extide\ant\lib\ant-launcher.jar;D:\Programs\NetBeans-12.3\netbeans\extide\ant\lib\ant.jar;D:\Programs\NetBeans-12.3\netbeans\extide\ant\lib\ant-junit.jar;D:\Programs\NetBeans-12.3\netbeans\extide\ant\lib\ant-junit4.jar" />
    <property name="libs.JWSAntTasks.maven-pom" value="" />
    <property name="java.vm.vendor" value="Oracle Corporation" />
    <property name="ap.supported.internal" value="true" />
    <property name="ant.file.type.wordle-impl" value="file" />
    <property name="user.variant" value="" />
    <property name="netbeans.home+have.tests" value="true" />
    <property name="run.modulepath" value="" />
    <property name="javac.upgrademodulepath" value="" />
    <property name="test.binaryexcludes" value="" />
    <property name="do.archive+manifest.available" value="true" />
    <property name="javac.compilerargs" value="" />
    <property name="apple.laf.useScreenMenuBar" value="true" />
    <property name="user.country" value="GB" />
    <property name="sun.java.launcher" value="SUN_STANDARD" />
    <property name="libs.jpa20-persistence.src" value="" />
    <property name="endorsed.classpath" value="" />
    <property name="javac.test.sourcepath" value="D:\Programming\Java\wordle\build\empty" />
    <property name="sun.cpu.endian" value="little" />
    <property name="libs.junit_4.src" value="D:\Programs\NetBeans-12.3\netbeans\platform\docs\junit-4.13.1-sources.jar" />
    <property name="user.language" value="en" />
    <property name="copylibs.rebase" value="true" />
    <property name="maven.defaultProjectBuilder.disableGlobalModelCache" value="true" />
    <property name="includes" value="**" />
    <property name="javadoc.nonavbar" value="false" />
    <property name="ant.java.version" value="15" />
    <property name="libs.junit_4.classpath" value="D:\Programs\NetBeans-12.3\netbeans\platform\modules\ext\junit-4.13.1.jar" />
    <property name="libs.hamcrest.classpath" value="D:\Programs\NetBeans-12.3\netbeans\platform\modules\ext\hamcrest-core-1.3.jar" />
    <property name="jlink.launcher.name" value="wordle" />
    <property name="javadoc.splitindex" value="true" />
    <property name="libs.JWSAntTasks.classpath" value="D:\Programs\NetBeans-12.3\netbeans\java\ant\extra\org-netbeans-modules-javawebstart-anttasks.jar" />
    <property name="test.binarytestincludes" value="" />
    <property name="junit.available" value="true" />
    <property name="sun.awt.keepWorkingSetOnMinimize" value="true" />
    <property name="javac.processormodulepath" value="" />
    <property name="libs.junit_4.maven-pom" value="" />
    <property name="ant.file.type.wordle" value="file" />
    <property name="runtime.encoding" value="UTF-8" />
    <property name="jlink.additionalmodules" value="" />
    <property name="javadoc.encoding" value="UTF-8" />
    <property name="javac.classpath" value="" />
    <property name="dist.jlink.dir" value="dist/jlink" />
    <property name="netbeans.hash.code" value="unique=NB_EXTIDE_JAVA_WEBCOMMON0ac389988-57ed-4fd0-b4b7-104344ef99c6_3d4935e3-d61c-47d2-a303-3dc994bda9ca" />
    <property name="jlink.strip" value="false" />
    <property name="nb.junit.batch" value="true" />
    <property name="build.test.classes.dir" value="build/test/classes" />
    <property name="java.runtime.name" value="Java(TM) SE Runtime Environment" />
    <property name="manifest.available" value="true" />
    <property name="libs.jaxb.javadoc" value="D:\Programs\NetBeans-12.3\netbeans\ide\docs\jaxb-api-doc.jar" />
    <property name="libs.spring-framework500.maven-pom" value="" />
    <property name="libs.spring-framework300.maven-pom" value="" />
    <property name="ant.project.invoked-targets" value="test" />
    <property name="run.jvmargs.ide" value="" />
    <property name="netbeans.automatic.build" value="true" />
    <property name="ap.cmd.line.internal" value="" />
    <property name="libs.PostgreSQLDriver.src" value="" />
    <property name="ant.core.lib" value="D:\Programs\NetBeans-12.3\netbeans\extide\ant\lib\ant.jar" />
    <property name="java.vendor.url.bug" value="https://bugreport.java.com/bugreport/" />
    <property name="annotation.processing.source.output" value="build/generated-sources/ap-source-output" />
    <property name="user.dir" value="D:\Programming\Java\wordle" />
    <property name="javac.profile.cmd.line.arg" value="" />
    <property name="platform.java" value="C:\Program Files\Java\jdk-15.0.2/bin/java" />
    <property name="do.archive+main.class.available" value="true" />
    <property name="application.title" value="wordle" />
    <property name="application.args" value="" />
    <property name="javac.test.modulepath" value="" />
    <property name="ignore.failing.tests" value="true" />
    <property name="org.xml.sax.driver" value="com.sun.org.apache.xerces.internal.jaxp.SAXParserImpl$JAXPSAXParser" />
    <property name="libs.PostgreSQLDriver.javadoc" value="" />
    <property name="libs.eclipselink.src" value="" />
    <property name="java.vm.version" value="15.0.2+7-27" />
    <property name="sun.awt.datatransfer.timeout" value="1000" />
    <property name="junit.forkmode" value="perTest" />
    <property name="annotation.processing.run.all.processors" value="true" />
  </properties>
  <testcase classname="wordle.WModelTest" name="testIsGuessInWords_True" time="0.011" />
  <testcase classname="wordle.WModelTest" name="testIsGuessInWords_False" time="0.0" />
  <testcase classname="wordle.WModelTest" name="setGuessStateColor" time="0.004">
    <failure message="PreCon: Enter States from NO_STATE - YELLOW_STATE" type="junit.framework.AssertionFailedError">junit.framework.AssertionFailedError: PreCon: Enter States from NO_STATE - YELLOW_STATE
	at wordle.WModel.setGuessStateColor(WModel.java:74)
	at wordle.WModelTest.setGuessStateColor(WModelTest.java:26)
	at java.base/jdk.internal.reflect.NativeMethodAccessorImpl.invoke0(Native Method)
	at java.base/jdk.internal.reflect.NativeMethodAccessorImpl.invoke(NativeMethodAccessorImpl.java:64)
	at java.base/jdk.internal.reflect.DelegatingMethodAccessorImpl.invoke(DelegatingMethodAccessorImpl.java:43)
</failure>
  </testcase>
  <system-out><![CDATA[]]></system-out>
  <system-err><![CDATA[]]></system-err>
</testsuite>
